C51 COMPILER V9.01   MAIN                                                                  03/23/2018 15:21:45 PAGE 1   


C51 COMPILER V9.01, COMPILATION OF MODULE MAIN
OBJECT MODULE PLACED IN ..\Outputs\main.obj
COMPILER INVOKED BY: D:\Dev\Keil\C51\BIN\C51.EXE ..\User\main.c BROWSE INCDIR(..\User;..\Hardware) DEBUG OBJECTEXTEND PR
                    -INT(.\main.lst) OBJECT(..\Outputs\main.obj)

line level    source

   1          #include <reg51.h>
   2          #include <intrins.h>
   3          #include "ds18b20.h"
   4          #include "uart.h"
   5          #include "lcd1602.h"
   6          #include "stdio.h"
   7          
   8          #define uchar unsigned char
   9          #define uint unsigned int
  10          
  11          uchar temp;
  12          
  13          void display(){
  14   1              uchar str[5];
  15   1              sprintf(str, "%d", (int)temp);  
  16   1              lcd_display_string(1, 6, str);
  17   1      }
  18          
  19          void main(){
  20   1      
  21   1              uchar a, b, c;
  22   1              //uart_init();
  23   1              lcd_simple_init();
  24   1              lcd_display_string(1, 1, "Temp: ");
  25   1              while(1){
  26   2                      uchar t = ds18b20_read_temp1();
  27   2                      if(t != temp){
  28   3                              temp = t;
  29   3                              display();
  30   3                      }
  31   2      
  32   2                  /*for(c=100;c>0;c--)
  33   2                      for(b=50;b>0;b--)
  34   2                          for(a=16;a>0;a--);
  35   2                                               _nop_();*/ 
  36   2              }
  37   1      
  38   1      
  39   1      }
*** WARNING C280 IN LINE 21 OF ..\USER\MAIN.C: 'a': unreferenced local variable
*** WARNING C280 IN LINE 21 OF ..\USER\MAIN.C: 'b': unreferenced local variable
*** WARNING C280 IN LINE 21 OF ..\USER\MAIN.C: 'c': unreferenced local variable


MODULE INFORMATION:   STATIC OVERLAYABLE
   CODE SIZE        =     72    ----
   CONSTANT SIZE    =     10    ----
   XDATA SIZE       =   ----    ----
   PDATA SIZE       =   ----    ----
   DATA SIZE        =      1       9
   IDATA SIZE       =   ----    ----
   BIT SIZE         =   ----    ----
END OF MODULE INFORMATION.


C51 COMPILATION COMPLETE.  3 WARNING(S),  0 ERROR(S)
