C51 COMPILER V9.01   MAIN                                                                  03/20/2018 09:12:00 PAGE 1   


C51 COMPILER V9.01, COMPILATION OF MODULE MAIN
OBJECT MODULE PLACED IN ..\Outputs\main.obj
COMPILER INVOKED BY: D:\Dev\Keil\C51\BIN\C51.EXE ..\User\main.c BROWSE INCDIR(..\User,..\Hardware) DEBUG OBJECTEXTEND PR
                    -INT(.\main.lst) OBJECT(..\Outputs\main.obj)

line level    source

   1          #include "reg51.h"
   2          #include "uart.h"
   3          
   4          void main(){
   5   1              uart_init();
   6   1              while(1);       
   7   1      }
   8          
   9          void uart_received(uchar ch){
  10   1              P1 = ch;        
  11   1      }


MODULE INFORMATION:   STATIC OVERLAYABLE
   CODE SIZE        =      8    ----
   CONSTANT SIZE    =   ----    ----
   XDATA SIZE       =   ----    ----
   PDATA SIZE       =   ----    ----
   DATA SIZE        =   ----    ----
   IDATA SIZE       =   ----    ----
   BIT SIZE         =   ----    ----
END OF MODULE INFORMATION.


C51 COMPILATION COMPLETE.  0 WARNING(S),  0 ERROR(S)
