C51 COMPILER V9.01   PYINPUT                                                               05/12/2018 12:37:05 PAGE 1   


C51 COMPILER V9.01, COMPILATION OF MODULE PYINPUT
OBJECT MODULE PLACED IN pyinput.OBJ
COMPILER INVOKED BY: D:\Dev\Keil\C51\BIN\C51.EXE pyinput.c LARGE BROWSE INCDIR(.\anjian;.\12864) DEBUG OBJECTEXTEND

line level    source

   1          #include "reg52.h"
   2          #include "pymb.h"
   3          #include "pyinput.h"
   4          #include "string.h"
   5          #include <stdio.h>
   6          //////////////////////////////////////////////////////////////////////////////////       
   7          //本程序只供学习使用，未经作者许可，不得用于其它任何用途
   8          //ALIENTEK STM32F407开发板
   9          //拼音输入法 代码          
  10          //正点原子@ALIENTEK
  11          //技术论坛:www.openedv.com
  12          //创建日期:2014/7/20
  13          //版本：V1.0
  14          //版权所有，盗版必究。
  15          //Copyright(C) 广州市星翼电子科技有限公司 2009-2019
  16          //All rights reserved                                                                     
  17          //*******************************************************************************
  18          //修改信息
  19          //无
  20          //////////////////////////////////////////////////////////////////////////////////         
  21          
  22          //拼音输入法
  23          pyinput t9=
  24          {
  25                  get_pymb,
  26              0,
  27          };
  28          
  29          //比较两个字符串的匹配情况
  30          //返回值:0xff,表示完全匹配.
  31          //               其他,匹配的字符数
  32          u8 str_match(u8*str1,u8*str2)
  33          {
  34   1              u8 i=0;
  35   1              while(1)
  36   1              {
  37   2                      if(*str1!=*str2)break;            //部分匹配
  38   2                      if(*str1=='\0'){i=0XFF;break;}//完全匹配
  39   2                      i++;
  40   2                      str1++;
  41   2                      str2++;
  42   2              }
  43   1              return i;//两个字符串相等
  44   1      }
  45          
  46          //获取匹配的拼音码表
  47          //*strin,输入的字符串,形如:"726"
  48          //**matchlist,输出的匹配表.
  49          //返回值:[7],0,表示完全匹配；1，表示部分匹配（仅在没有完全匹配的时候才会出现）
  50          //               [6:0],完全匹配的时候，表示完全匹配的拼音个数
  51          //                         部分匹配的时候，表示有效匹配的位数                                    
  52          u8 get_matched_pymb(u8 *strin,py_index **matchlist)
  53          {
  54   1              py_index *bestmatch=0;//最佳匹配
  55   1              u16 pyindex_len=0;
C51 COMPILER V9.01   PYINPUT                                                               05/12/2018 12:37:05 PAGE 2   

  56   1              u16 i=0;
  57   1              u8 temp,mcnt=0,bmcnt=0;
  58   1              bestmatch=(py_index*)&py_index3[0];//默认为a的匹配
  59   1              pyindex_len=sizeof(py_index3)/sizeof(py_index3[0]);//得到py索引表的大小.
  60   1              for(i=0;i<pyindex_len;i++)
  61   1              {
  62   2                      temp=str_match(strin,(u8*)py_index3[i].py_input);
  63   2                      if(temp)
  64   2                      {
  65   3                              if(temp==0XFF)matchlist[mcnt++]=(py_index*)&py_index3[i];
  66   3                              else if(temp>bmcnt)//找最佳匹配
  67   3                              {
  68   4                                      bmcnt=temp;
  69   4                                  bestmatch=(py_index*)&py_index3[i];//最好的匹配.
  70   4                              }
  71   3                      }
  72   2              }
  73   1              if(mcnt==0&&bmcnt)//没有完全匹配的结果,但是有部分匹配的结果
  74   1              {
  75   2                      matchlist[0]=bestmatch;
  76   2                      mcnt=bmcnt|0X80;                //返回部分匹配的有效位数
  77   2              }
  78   1              return mcnt;//返回匹配的个数
  79   1      }
  80          
  81          //得到拼音码表.
  82          //str:输入字符串
  83          //返回值:匹配个数.
  84          u8 get_pymb(u8* str)
  85          {
  86   1              return get_matched_pymb(str,t9.pymb);
  87   1      }
  88          
  89          void test_py(u8 *inputstr)
  90          {
  91   1              u8 t=0;
  92   1              u8 i=0;
  93   1              t=t9.getpymb(inputstr);
  94   1              if(t&0X80)
  95   1              {
  96   2                      printf("\r\n输入数字为:%s\r\n",inputstr);
  97   2                      printf("部分匹配位数:%d\r\n",t&0X7F);
  98   2                      printf("部分匹配结果:%s,%s\r\n",t9.pymb[0]->py,t9.pymb[0]->pymb);
  99   2              }else if(t)
 100   1              {
 101   2                      printf("\r\n输入数字为:%s\r\n",inputstr);
 102   2                      printf("完全匹配个数:%d\r\n",t);
 103   2                      printf("完全匹配的结果:\r\n");
 104   2                      for(i=0;i<t;i++)
 105   2                      {
 106   3                              printf("%s,%s\r\n",t9.pymb[i]->py,t9.pymb[i]->pymb);
 107   3                      }
 108   2              }else printf("没有任何匹配结果！\r\n");
 109   1      }


MODULE INFORMATION:   STATIC OVERLAYABLE
   CODE SIZE        =    788    ----
   CONSTANT SIZE    =   1331    ----
   XDATA SIZE       =     33      27
   PDATA SIZE       =   ----    ----
   DATA SIZE        =   ----    ----
C51 COMPILER V9.01   PYINPUT                                                               05/12/2018 12:37:05 PAGE 3   

   IDATA SIZE       =   ----    ----
   BIT SIZE         =   ----    ----
END OF MODULE INFORMATION.


C51 COMPILATION COMPLETE.  0 WARNING(S),  0 ERROR(S)
