C51 COMPILER V9.01   MAIN                                                                  05/12/2018 17:42:22 PAGE 1   


C51 COMPILER V9.01, COMPILATION OF MODULE MAIN
OBJECT MODULE PLACED IN ..\Outputs\main.obj
COMPILER INVOKED BY: D:\Dev\Keil\C51\BIN\C51.EXE ..\User\main.c BROWSE INCDIR(..\Hardware;..\User) DEBUG OBJECTEXTEND PR
                    -INT(.\main.lst) OBJECT(..\Outputs\main.obj)

line level    source

   1          #include "reg52.h"
   2          #include "ds18b20.h"
   3          #include "adc.h"
   4          #include "tck_max6675.h"
   5          #include "lcd1602.h"
   6          #include "stdio.h"
   7          
   8          void display(uint t1, uint t2, uint t3, uint t4);
   9          
  10          uchar r1, r2, r3, r4;
  11          
  12          void main(){
  13   1      
  14   1              uchar t1, t2, t3, t4;
  15   1              ds18b20_init();
  16   1              lcd_simple_init();
  17   1      
  18   1      
  19   1      
  20   1              while(1){
  21   2                      t1 = ds18b20_read_temp1();
  22   2                      t2 = tck_read_temp();
  23   2      
  24   2                      display(t1, t2, t3, t4);
  25   2      
  26   2                      r1 = t1;
  27   2                      r2 = t2;
  28   2              }
  29   1      }
  30          
  31          //œ‘ æ
  32          void display(uint t1, uint t2, uint t3, uint t4){
  33   1              char arr1[5], arr2[5], arr3[5], arr4[5];
  34   1              if(t1 == r1 && t2 == r2 && t3 == r3 && t4 == r4)
  35   1                      return;
  36   1      
  37   1              lcd_clear();
  38   1              lcd_display_string(1, 1, "T1: ");
  39   1              lcd_display_string(1, 8, "T2: ");
  40   1              lcd_display_string(2, 1, "T3: ");
  41   1              lcd_display_string(2, 8, "T4: ");
  42   1      
  43   1              sprintf(arr1, "%d", (int)r1);
  44   1              sprintf(arr2, "%d", (int)r2);
  45   1              sprintf(arr3, "%d", (int)r3);
  46   1              sprintf(arr4, "%d", (int)r4);
  47   1              lcd_display_string(1, 4, arr1);
  48   1              lcd_display_string(1, 11, arr2);
  49   1              lcd_display_string(2, 4, arr3);
  50   1              lcd_display_string(2, 11, arr4);
  51   1      }


MODULE INFORMATION:   STATIC OVERLAYABLE
C51 COMPILER V9.01   MAIN                                                                  05/12/2018 17:42:22 PAGE 2   

   CODE SIZE        =    290    ----
   CONSTANT SIZE    =     23    ----
   XDATA SIZE       =   ----    ----
   PDATA SIZE       =   ----    ----
   DATA SIZE        =      4      32
   IDATA SIZE       =   ----    ----
   BIT SIZE         =   ----    ----
END OF MODULE INFORMATION.


C51 COMPILATION COMPLETE.  0 WARNING(S),  0 ERROR(S)
