C51 COMPILER V9.01   MAIN                                                                  03/30/2018 22:18:57 PAGE 1   


C51 COMPILER V9.01, COMPILATION OF MODULE MAIN
OBJECT MODULE PLACED IN ..\Outputs\main.obj
COMPILER INVOKED BY: D:\Dev\Keil\C51\BIN\C51.EXE ..\User\main.c BROWSE INCDIR(..\User,..\Hardware) DEBUG OBJECTEXTEND PR
                    -INT(.\main.lst) OBJECT(..\Outputs\main.obj)

line level    source

   1          #include "reg51.h"
   2          #include "adc.h"
   3          
   4          sbit ADDA = P2^4;
   5          
   6          void delay500ms(void)   //Îó²î 0us
   7          {
   8   1          unsigned char a,b,c;
   9   1          for(c=23;c>0;c--)
  10   1              for(b=152;b>0;b--)
  11   1                  for(a=70;a>0;a--);
  12   1      }
  13          
  14          void delay5ms(void)   //Îó²î 0us
  15          {
  16   1          unsigned char a,b;
  17   1          for(b=19;b>0;b--)
  18   1              for(a=130;a>0;a--);
  19   1      }
  20          
  21          
  22          void main(){
  23   1              adc_init();
  24   1              while(1){
  25   2                      ADDA = ~ADDA;
  26   2                      //delay500ms();
  27   2                      delay5ms();
  28   2                      if(!ADDA){
  29   3                              P0 = adc_transform();
  30   3                      }else{
  31   3                              P3 = adc_transform();
  32   3                      }
  33   2                      
  34   2              }
  35   1      }


MODULE INFORMATION:   STATIC OVERLAYABLE
   CODE SIZE        =     47    ----
   CONSTANT SIZE    =   ----    ----
   XDATA SIZE       =   ----    ----
   PDATA SIZE       =   ----    ----
   DATA SIZE        =   ----    ----
   IDATA SIZE       =   ----    ----
   BIT SIZE         =   ----    ----
END OF MODULE INFORMATION.


C51 COMPILATION COMPLETE.  0 WARNING(S),  0 ERROR(S)
