C51 COMPILER V9.01   MAIN                                                                  03/14/2018 12:00:43 PAGE 1   


C51 COMPILER V9.01, COMPILATION OF MODULE MAIN
OBJECT MODULE PLACED IN ..\Outputs\main.obj
COMPILER INVOKED BY: D:\Dev\Keil\C51\BIN\C51.EXE ..\User\main.c BROWSE INCDIR(..\Hardware;..\User;..\System) DEBUG OBJEC
                    -TEXTEND PRINT(.\main.lst) OBJECT(..\Outputs\main.obj)

line level    source

   1          #include "printer.h"
   2          #include "stdio.h"
   3          
   4          void main(){
   5   1              printer_init();
   6   1              printf("Hello, world!");
   7   1      
   8   1              while(1);
   9   1      }
  10          
  11          


MODULE INFORMATION:   STATIC OVERLAYABLE
   CODE SIZE        =     14    ----
   CONSTANT SIZE    =     14    ----
   XDATA SIZE       =   ----    ----
   PDATA SIZE       =   ----    ----
   DATA SIZE        =   ----    ----
   IDATA SIZE       =   ----    ----
   BIT SIZE         =   ----    ----
END OF MODULE INFORMATION.


C51 COMPILATION COMPLETE.  0 WARNING(S),  0 ERROR(S)
