C51 COMPILER V9.01   ADC                                                                   03/31/2018 13:58:06 PAGE 1   


C51 COMPILER V9.01, COMPILATION OF MODULE ADC
OBJECT MODULE PLACED IN ..\Outputs\adc.obj
COMPILER INVOKED BY: D:\Dev\Keil\C51\BIN\C51.EXE ..\Hardware\adc.c BROWSE INCDIR(..\Uesr,..\Hardware) DEBUG OBJECTEXTEND
                    - PRINT(.\adc.lst) OBJECT(..\Outputs\adc.obj)

line level    source

   1          #include "adc.h"
   2          #include "reg51.h"
   3          
   4          #define OUT P1
   5          
   6          sbit CLK = P2^0;
   7          sbit ST = P2^1;
   8          sbit EOC = P2^2;
   9          sbit OE = P2^3;
  10          
  11          /**
  12          * ADC0808 初始化
  13          * ADC的转换需要时钟的支持
  14          */
  15          void adc_init(){
  16   1              TMOD |= 0x01;
  17   1              TH0 = 0xf1;
  18   1              TL0 = 0x9a;
  19   1              EA = 1;
  20   1              ET0 = 1;
  21   1              TR0 = 1;
  22   1      }
  23          
  24          /**
  25          * ADC0808 转换
  26          * @return 转换后的数值，因为ADC0808是8位ADC，所以返回的数值范围为：0~255
  27          */
  28          uchar adc_transform(){
  29   1              uchar temp;
  30   1              ST = 0;
  31   1              ST = 1;
  32   1              ST = 0;                 //启动转换
  33   1              while(!EOC);    //等待转换结束
  34   1              OE = 1;
  35   1              temp = OUT;
  36   1              OE = 0;
  37   1      
  38   1              return temp;
  39   1      }
  40          
  41          //定时器0中断：产生转换时钟
  42          void timer0_int() interrupt 1{
  43   1              TH0 = 0xf1;
  44   1              TL0 = 0x9a;
  45   1              CLK = ~CLK;
  46   1      }


MODULE INFORMATION:   STATIC OVERLAYABLE
   CODE SIZE        =     41    ----
   CONSTANT SIZE    =   ----    ----
   XDATA SIZE       =   ----    ----
   PDATA SIZE       =   ----    ----
   DATA SIZE        =   ----    ----
C51 COMPILER V9.01   ADC                                                                   03/31/2018 13:58:06 PAGE 2   

   IDATA SIZE       =   ----    ----
   BIT SIZE         =   ----    ----
END OF MODULE INFORMATION.


C51 COMPILATION COMPLETE.  0 WARNING(S),  0 ERROR(S)
