C51 COMPILER V9.01   MAIN                                                                  03/19/2018 17:36:18 PAGE 1   


C51 COMPILER V9.01, COMPILATION OF MODULE MAIN
OBJECT MODULE PLACED IN ..\Outputs\main.obj
COMPILER INVOKED BY: D:\Dev\Keil\C51\BIN\C51.EXE ..\User\main.c BROWSE INCDIR(..\Hardware;..\User) DEBUG OBJECTEXTEND PR
                    -INT(.\main.lst) OBJECT(..\Outputs\main.obj)

line level    source

   1          #include "reg51.h"
   2          
   3          sbit led = P3^5;
   4          
   5          void main(){
   6   1      
   7   1              TMOD = 0x01;
   8   1              TH0 = 0xff;
   9   1              TL0 = 0xce;
  10   1              EA = 1;
  11   1              ET0 = 1;
  12   1              TR0 = 1;
  13   1              while(1);
  14   1      }
  15          
  16          void timer_int() interrupt 1{
  17   1              TH0 = 0xff;
  18   1              TL0 = 0xce;
  19   1              led = !led;
  20   1      }


MODULE INFORMATION:   STATIC OVERLAYABLE
   CODE SIZE        =     26    ----
   CONSTANT SIZE    =   ----    ----
   XDATA SIZE       =   ----    ----
   PDATA SIZE       =   ----    ----
   DATA SIZE        =   ----    ----
   IDATA SIZE       =   ----    ----
   BIT SIZE         =   ----    ----
END OF MODULE INFORMATION.


C51 COMPILATION COMPLETE.  0 WARNING(S),  0 ERROR(S)
