C51 COMPILER V9.01   MAIN                                                                  04/30/2018 17:12:28 PAGE 1   


C51 COMPILER V9.01, COMPILATION OF MODULE MAIN
OBJECT MODULE PLACED IN ..\Outputs\main.obj
COMPILER INVOKED BY: D:\Dev\Keil\C51\BIN\C51.EXE ..\User\main.c BROWSE INCDIR(..\User,..\Hardware) DEBUG OBJECTEXTEND PR
                    -INT(.\main.lst) OBJECT(..\Outputs\main.obj)

line level    source

   1          #include "reg52.h"
   2          #include "adc.h"
   3          #include "uart.h"
   4          #include "intrins.h"
   5          
   6          void delay1s(void)   //Îó²î 0us
   7          {
   8   1          unsigned char a,b,c;
   9   1          for(c=167;c>0;c--)
  10   1              for(b=171;b>0;b--)
  11   1                  for(a=16;a>0;a--);
  12   1          _nop_();  //if Keil,require use intrins.h
  13   1      }
  14          
  15          
  16          void main(){
  17   1      
  18   1              uart_init();
  19   1      
  20   1              while(1){
  21   2                      uart_send(adc_transform());
  22   2                      delay1s();      
  23   2              }
  24   1      }


MODULE INFORMATION:   STATIC OVERLAYABLE
   CODE SIZE        =     28    ----
   CONSTANT SIZE    =   ----    ----
   XDATA SIZE       =   ----    ----
   PDATA SIZE       =   ----    ----
   DATA SIZE        =   ----    ----
   IDATA SIZE       =   ----    ----
   BIT SIZE         =   ----    ----
END OF MODULE INFORMATION.


C51 COMPILATION COMPLETE.  0 WARNING(S),  0 ERROR(S)
