C51 COMPILER V9.01   STEPPER_MOTOR                                                         03/09/2018 16:31:47 PAGE 1   


C51 COMPILER V9.01, COMPILATION OF MODULE STEPPER_MOTOR
OBJECT MODULE PLACED IN stepper_motor.OBJ
COMPILER INVOKED BY: D:\Dev\Keil\C51\BIN\C51.EXE stepper_motor.c BROWSE DEBUG OBJECTEXTEND

line level    source

   1          #include "stepper_motor.h"
   2          #include "reg51.h"
   3          #include "timer0.h"
   4          
   5          float step_angle = SM_DEFAULT_STEP_ANGLE;               //步距角
   6          sbit sm_ena = P1^0;             //使能
   7          sbit sm_dir = P1^1;             //方向
   8          sbit sm_pul = P1^2;             //脉冲
   9          
  10          /**
  11          * 步进电机配置：设置步进电机的步距角
  12          */
  13          void sm_config(float new_step_angle){
  14   1              step_angle = new_step_angle;    
  15   1      }
  16          
  17          /**
  18          * 设置电机转向
  19          */
  20          static void set_direction(uint dir){
  21   1              if(dir == SM_DIRECTION_FORWARD){
  22   2                      sm_dir = 0;             
  23   2              }else if(dir == SM_DIRECTION_BACKWARD){
  24   2                      sm_dir = 1;
  25   2              }else{
  26   2                      sm_dir = ~sm_dir;       
  27   2              }
  28   1      }
  29          
  30          /*
  31          * 设置电机转速
  32          */
  33          static void set_speed(uint speed){
  34   1              float ms;
  35   1              ms = (60 * step_angle * 1000.0) / (360.0 * speed);
  36   1              timer0_init(BIT_16_WORK_MODE, ms * 1000ul);
  37   1      }
  38          
  39          /**
  40          * 步进电机的初始化：确定转向和速度
  41          */
  42          void sm_init(uint dir, uint speed){
  43   1              set_direction(dir);
  44   1              set_speed(speed);
  45   1      }
  46          
  47          /**
  48          * 电机启动
  49          */
  50          void sm_start(){
  51   1              sm_ena = 1;
  52   1              timer0_start();         //启动定时器
  53   1      }
  54          
  55          /**
C51 COMPILER V9.01   STEPPER_MOTOR                                                         03/09/2018 16:31:47 PAGE 2   

  56          * 电机停止
  57          */
  58          void sm_stop(){
  59   1              sm_ena = 0;
  60   1              timer0_stop();          //关闭定时器
  61   1      }
  62          
  63          /**
  64          * 切换电机状态
  65          */
  66          void sm_toggle(){
  67   1              sm_ena ? sm_stop() : sm_start();
  68   1      }
  69          
  70          /**
  71          * 设置电机转向
  72          */
  73          void sm_direction(uint dir){
  74   1              sm_stop();
  75   1              set_direction(dir);
  76   1              sm_start();
  77   1      }
  78          
  79          /**
  80          * 设置电机转速
  81          */
  82          void sm_speed(uint speed){
  83   1              sm_stop();
  84   1              set_speed(speed);
  85   1              sm_start();     
  86   1      }
  87          
  88          /**
  89          * 给出脉冲
  90          */
  91          static void give_pulse(){
  92   1              sm_pul = ~sm_pul;
  93   1      }
  94          
  95          /**
  96          * 定时器定时时间到
  97          */
  98          void on_time_out(){
  99   1              give_pulse();
 100   1      }
 101          
 102          
 103          
 104          


MODULE INFORMATION:   STATIC OVERLAYABLE
   CODE SIZE        =    196    ----
   CONSTANT SIZE    =   ----    ----
   XDATA SIZE       =   ----    ----
   PDATA SIZE       =   ----    ----
   DATA SIZE        =      4       8
   IDATA SIZE       =   ----    ----
   BIT SIZE         =   ----    ----
END OF MODULE INFORMATION.


C51 COMPILATION COMPLETE.  0 WARNING(S),  0 ERROR(S)
