C51 COMPILER V9.01   MAIN                                                                  05/18/2018 09:14:38 PAGE 1   


C51 COMPILER V9.01, COMPILATION OF MODULE MAIN
OBJECT MODULE PLACED IN ..\Outputs\main.obj
COMPILER INVOKED BY: D:\Dev\Keil\C51\BIN\C51.EXE ..\User\main.c BROWSE INCDIR(..\Hardware;..\User) DEBUG OBJECTEXTEND PR
                    -INT(.\main.lst) OBJECT(..\Outputs\main.obj)

line level    source

   1          #include "reg51.h"
   2          #include "adc.h"
   3          #include "uart.h"
   4          #include "lcd1602.h"
   5          #include "stdio.h"
   6          
   7          void delay(uchar);
   8          void display_vol(uchar, uchar);
   9          void display();
  10          
  11          sbit ADDA = P2^4;
  12          sbit ADDB = P2^5;
  13          sbit ADDC = P2^6;
  14          
  15          uchar rode;
  16          uchar vol;
  17          bit state = 0;                          //接收上位机标志位
  18          bit changed = 0;                        //温度值是否变化
  19          
  20          /////////MAIN
  21          void main(){
  22   1              uchar temp;
  23   1              uart_init();
  24   1              lcd_simple_init();
  25   1              lcd_display_string(1, 1, "Waiting..");
  26   1              
  27   1              while(1){
  28   2                      //上位机才能改变该状态位，该位为1时，开始转换并显示
  29   2                      if(state){
  30   3                              temp = adc_transform();
  31   3                              if(temp != vol){
  32   4                                      vol = temp;
  33   4                                      display();
  34   4                              }
  35   3                              uart_send(vol);
  36   3                              state = 0;
  37   3                      }               
  38   2              }
  39   1      
  40   1      }
  41          
  42          //串口接收回调：接收上位机指令，选择开启的模拟通道（对应不同量程的电压测量）
  43          void uart_received(uchar cmd){
  44   1              state = 1;
  45   1              if(cmd == 0x01){
  46   2                      ADDA = 0;
  47   2                      ADDB = 0;
  48   2                      ADDC = 0;
  49   2                      rode = 1;
  50   2              }else if(cmd == 0x02){
  51   2                      ADDA = 1;
  52   2                      ADDB = 0;
  53   2                      ADDC = 0;
  54   2                      rode = 2;       
C51 COMPILER V9.01   MAIN                                                                  05/18/2018 09:14:38 PAGE 2   

  55   2              }else if(cmd == 0x03){
  56   2                      ADDA = 0;
  57   2                      ADDB = 1;
  58   2                      ADDC = 0;
  59   2                      rode = 3;
  60   2              }else if(cmd == 0x04){
  61   2                      ADDA = 1;
  62   2                      ADDB = 1;
  63   2                      ADDC = 0;
  64   2                      rode = 4;
  65   2              }       
  66   1      }
  67          
  68          //延时
  69          void delay(uchar t){
  70   1              uchar i, j, k;
  71   1              for(i=0;i<t;i++)
  72   1                      for(j=0;j<20;j++)
  73   1                              for(k=0;k<110;k++);
  74   1      }
  75          
  76          //显示对应电压
  77          void display_vol(uchar row, uchar col){
  78   1              char str[10];
  79   1              int v = vol;
  80   1              float range;
  81   1              //对应量程显示不同的电压值
  82   1              if(rode == 1){
  83   2                      range = 0.5f;   
  84   2              }else if(rode == 2){
  85   2                      range = 5.0f;           
  86   2              }else if(rode == 3){
  87   2                      range = 50.0f;          
  88   2              }else if(rode == 4){
  89   2                      range = 500.0f;         
  90   2              }
  91   1              sprintf(str, "%.2fV", (v / 255.0 * range));             
  92   1              lcd_display_string(row, col, str);      
  93   1      }
  94          
  95          //显示
  96          void display(){
  97   1              char* str;
  98   1              lcd_clear();
  99   1              lcd_display_string(1, 1, "Range: ");
 100   1              if(rode == 1){
 101   2                      str = "(0-0.5V)";
 102   2              }else if(rode == 2){
 103   2                      str = "(0-5V)";
 104   2              }else if(rode == 3){
 105   2                      str = "(0-50V)";
 106   2              }else if(rode == 4){
 107   2                      str = "(0-500V)";
 108   2              }else{
 109   2                      str = "";
 110   2              }
 111   1              lcd_display_string(1, 8, str);
 112   1              lcd_display_string(2, 1, "VOL: ");
 113   1              display_vol(2, 6);
 114   1      }


C51 COMPILER V9.01   MAIN                                                                  05/18/2018 09:14:38 PAGE 3   

MODULE INFORMATION:   STATIC OVERLAYABLE
   CODE SIZE        =    394    ----
   CONSTANT SIZE    =     64    ----
   XDATA SIZE       =   ----    ----
   PDATA SIZE       =   ----    ----
   DATA SIZE        =      2      19
   IDATA SIZE       =   ----    ----
   BIT SIZE         =      2    ----
END OF MODULE INFORMATION.


C51 COMPILATION COMPLETE.  0 WARNING(S),  0 ERROR(S)
