C51 COMPILER V9.01   MAIN                                                                  03/10/2018 18:43:05 PAGE 1   


C51 COMPILER V9.01, COMPILATION OF MODULE MAIN
OBJECT MODULE PLACED IN ..\Outputs\main.obj
COMPILER INVOKED BY: D:\Dev\Keil\C51\BIN\C51.EXE ..\User\main.c BROWSE INCDIR(..\Hardware;..\User) DEBUG OBJECTEXTEND PR
                    -INT(.\main.lst) OBJECT(..\Outputs\main.obj)

line level    source

   1          #include "uart.h"
   2          #include "reg51.h"
   3          
   4          void main(){
   5   1              int i, j, k;
   6   1              uart_init();
   7   1      
   8   1              while(1){
   9   2                      uart_send('a');
  10   2                      //for(i=0;i<20;i++)
  11   2                              for(j=0;j<100;j++)
  12   2                                      for(k=0;k<50;k++);
  13   2              }
  14   1      }
*** WARNING C280 IN LINE 5 OF ..\USER\MAIN.C: 'i': unreferenced local variable
  15          
  16          void uart_received(uchar dat){
  17   1              P1 = dat;
  18   1      }


MODULE INFORMATION:   STATIC OVERLAYABLE
   CODE SIZE        =     41    ----
   CONSTANT SIZE    =   ----    ----
   XDATA SIZE       =   ----    ----
   PDATA SIZE       =   ----    ----
   DATA SIZE        =   ----       2
   IDATA SIZE       =   ----    ----
   BIT SIZE         =   ----    ----
END OF MODULE INFORMATION.


C51 COMPILATION COMPLETE.  1 WARNING(S),  0 ERROR(S)
