C51 COMPILER V9.01   MAIN                                                                  04/03/2018 20:30:31 PAGE 1   


C51 COMPILER V9.01, COMPILATION OF MODULE MAIN
OBJECT MODULE PLACED IN ..\Outputs\main.obj
COMPILER INVOKED BY: D:\Dev\Keil\C51\BIN\C51.EXE ..\User\main.c BROWSE INCDIR(..\User,..\Hardware) DEBUG OBJECTEXTEND PR
                    -INT(.\main.lst) OBJECT(..\Outputs\main.obj)

line level    source

   1          #include "reg51.h"
   2          #include "lcd1602.h"
   3          #include "stdio.h"
   4          #include "intrins.h"
   5          #include "fpm10a.h"
   6          #include "uart_syn.h"
   7          
   8          sbit key = P3^5;
   9          sbit led = P2^6;
  10          
  11          void delay1s(void)   //Îó²î 0us
  12          {
  13   1          unsigned char a,b,c;
  14   1          for(c=167;c>0;c--)
  15   1              for(b=171;b>0;b--)
  16   1                  for(a=16;a>0;a--);
  17   1          _nop_();  //if Keil,require use intrins.h
  18   1      }                                       
  19          
  20          void main(){
  21   1              uint num;
  22   1              //Init
  23   1              lcd_simple_init();
  24   1              fpm_init();
  25   1      
  26   1              lcd_display_string(1, 1, "Hello");
  27   1              
  28   1                      
  29   1              if(fpm_auto_search(0, 100) >= 50){
  30   2                      lcd_display_string(1, 1, "Have the finger");            
  31   2              }else{
  32   2                      num = fpm_template_num();
  33   2                      fpm_add_template(38);
  34   2                      if(fpm_template_num() == num+1){
  35   3                              lcd_display_string(2, 1, "Success!");
  36   3                      }
  37   2              }
  38   1              
  39   1      
  40   1      
  41   1      //      score = fpm_auto_search(0, 50);
  42   1      //      sprintf(str, "Score: %d", (int)score);
  43   1      //      lcd_display_string(1, 1, str);
  44   1      
  45   1      //      lcd_display_string(1, 1, "Touch finger");
  46   1      //      while(fpm_genimg() != 0x00);
  47   1      //      if(fpm_genimg() == 0x00){
  48   1      //              fpm_img2char(1);
  49   1      //      }
  50   1      //      
  51   1      //      lcd_clear();
  52   1      //      lcd_display_string(1, 1, "Touch again");
  53   1      //      while(fpm_genimg() != 0x00);
  54   1      //      fpm_genimg();
C51 COMPILER V9.01   MAIN                                                                  04/03/2018 20:30:31 PAGE 2   

  55   1      
  56   1              
  57   1      //
  58   1      //      temp = fpm_autoregister(16);
  59   1      //      sprintf(str, "%02x-----", (int)temp);
  60   1      //      lcd_clear();
  61   1      //      lcd_display_string(1, 1, str);
  62   1      
  63   1      //      temp = fpm_add_template(i++);
  64   1      //      sprintf(str, "%02x-----", (int)temp);
  65   1      //      lcd_clear();
  66   1      //      lcd_display_string(1, 1, str);
  67   1      
  68   1              
  69   1      //      fpm_add_template(2);
  70   1      //      delay1s();
  71   1      
  72   1              
  73   1              while(1){
  74   2                      
  75   2      
  76   2                      if(!key){
  77   3                              led = ~led;
  78   3                              while(!key);
  79   3                      }
  80   2              }
  81   1                      
  82   1      }


MODULE INFORMATION:   STATIC OVERLAYABLE
   CODE SIZE        =    121    ----
   CONSTANT SIZE    =     31    ----
   XDATA SIZE       =   ----    ----
   PDATA SIZE       =   ----    ----
   DATA SIZE        =   ----       2
   IDATA SIZE       =   ----    ----
   BIT SIZE         =   ----    ----
END OF MODULE INFORMATION.


C51 COMPILATION COMPLETE.  0 WARNING(S),  0 ERROR(S)
