C51 COMPILER V9.01   MAIN                                                                  03/15/2018 17:33:20 PAGE 1   


C51 COMPILER V9.01, COMPILATION OF MODULE MAIN
OBJECT MODULE PLACED IN ..\main.obj
COMPILER INVOKED BY: D:\Dev\Keil\C51\BIN\C51.EXE ..\User\main.c BROWSE INCDIR(..\Hardware;..\User) DEBUG OBJECTEXTEND PR
                    -INT(.\main.lst) OBJECT(..\main.obj)

line level    source

   1          #include "reg51.h"
   2          
   3          sbit key = P2^0;
   4          
   5          void main(){
   6   1      
   7   1              key = 0;
   8   1              while(1);
   9   1      
  10   1      }


MODULE INFORMATION:   STATIC OVERLAYABLE
   CODE SIZE        =      4    ----
   CONSTANT SIZE    =   ----    ----
   XDATA SIZE       =   ----    ----
   PDATA SIZE       =   ----    ----
   DATA SIZE        =   ----    ----
   IDATA SIZE       =   ----    ----
   BIT SIZE         =   ----    ----
END OF MODULE INFORMATION.


C51 COMPILATION COMPLETE.  0 WARNING(S),  0 ERROR(S)
