C51 COMPILER V9.01   TIMER                                                                 03/14/2018 12:50:29 PAGE 1   


C51 COMPILER V9.01, COMPILATION OF MODULE TIMER
OBJECT MODULE PLACED IN ..\Outputs\timer.obj
COMPILER INVOKED BY: D:\Dev\Keil\C51\BIN\C51.EXE ..\Hardware\timer.c BROWSE INCDIR(..\Hardware;..\User) DEBUG OBJECTEXTE
                    -ND PRINT(..\Listings\timer.lst) OBJECT(..\Outputs\timer.obj)

line level    source

   1          #include "timer.h"
   2          #include "reg51.h"
   3          
   4          static uchar th0, tl0, th1, tl1;
   5          
   6          /**
   7          * 定时器初始化：使用两个定时器，两个定时器都使用方式1，并且都开中断
   8          */
   9          void timer_init(){
  10   1              TMOD = 0x11;
  11   1              //暂不赋初值
  12   1              EA = 1;
  13   1              ET0 = 1;
  14   1              ET1 = 1;
  15   1      }
  16          
  17          /**
  18          * 设置定时器0的定时时间
  19          */
  20          void timer0_set_time(uint us){
  21   1              th0 = (65536 - us) / 256;
  22   1              tl0 = (65536 - us) % 256;
  23   1              TH0 = th0;
  24   1              TL0 = tl0;
  25   1      }
  26          
  27          /**
  28          * 设置定时器1的定时时间
  29          */
  30          void timer1_set_time(uint us){
  31   1              th1 = (65536 - us) / 256;
  32   1              tl1 = (65536 - us) % 256;
  33   1              TH1 = th1;
  34   1              TL1 = tl1;              
  35   1      }
  36          
  37          /**
  38          * 启动定时器0
  39          */
  40          void timer0_start(){
  41   1              TR0 = 1;
  42   1      }
  43          
  44          /**
  45          * 启动定时器1
  46          */
  47          void timer1_start(){
  48   1              TR1 = 1;
  49   1      }
  50          
  51          /**
  52          * 停止定时器0
  53          */
  54          void timer0_stop(){
C51 COMPILER V9.01   TIMER                                                                 03/14/2018 12:50:29 PAGE 2   

  55   1              TR0 = 0;
  56   1      }
  57          
  58          /**
  59          * 停止定时器1
  60          */
  61          void timer1_stop(){
  62   1              TR1 = 0;
  63   1      }
  64          
  65          /**
  66          * 定时器0的中断服务程序
  67          */
  68          void timer0_int() interrupt 1{
  69   1              TH0 = th0;
  70   1              TL0 = tl0;
  71   1              timer0_timeout();
  72   1      }
  73          
  74          /**
  75          * 定时器1的中断服务程序
  76          */
  77          void timer1_int() interrupt 3{
  78   1              TH1 = th1;
  79   1              TL1 = tl1;
  80   1              timer1_timeout();
  81   1      }


MODULE INFORMATION:   STATIC OVERLAYABLE
   CODE SIZE        =    310    ----
   CONSTANT SIZE    =   ----    ----
   XDATA SIZE       =   ----    ----
   PDATA SIZE       =   ----    ----
   DATA SIZE        =      4       4
   IDATA SIZE       =   ----    ----
   BIT SIZE         =   ----    ----
END OF MODULE INFORMATION.


C51 COMPILATION COMPLETE.  0 WARNING(S),  0 ERROR(S)
