C51 COMPILER V9.01   TIMER                                                                 03/17/2018 17:52:25 PAGE 1   


C51 COMPILER V9.01, COMPILATION OF MODULE TIMER
OBJECT MODULE PLACED IN ..\Outputs\timer.obj
COMPILER INVOKED BY: D:\Dev\Keil\C51\BIN\C51.EXE ..\Hardware\timer.c BROWSE INCDIR(..\Hardware;..\User) DEBUG OBJECTEXTE
                    -ND PRINT(.\timer.lst) OBJECT(..\Outputs\timer.obj)

line level    source

   1          #include "timer.h"
   2          #include "reg51.h"
   3          
   4          uchar count = 0;
   5          
   6          /**
   7          * 初始化定时器并启动
   8          */
   9          void timer_init(){
  10   1              TMOD = 0x01;
  11   1              TH0 = 0x9c;
  12   1              TL0 = 0xb0;
  13   1              EA = 1;
  14   1              ET0 = 1;
  15   1              TR0 = 1;
  16   1      }
  17          
  18          /**
  19          * 开启定时器
  20          */
  21          void timer_start(){
  22   1              TR0 = 1;
  23   1      }
  24          
  25          /**
  26          * 停止定时器
  27          */
  28          void timer_stop(){
  29   1              TR0 = 0;
  30   1      }
  31          
  32          /**
  33          * 1s定时时间到，调用timeout回调
  34          */
  35          void timer_int() interrupt 1{
  36   1              TH0 = 0x9c;
  37   1              TL0 = 0xb0;
  38   1              timer_timeout();
  39   1      }


MODULE INFORMATION:   STATIC OVERLAYABLE
   CODE SIZE        =     87    ----
   CONSTANT SIZE    =   ----    ----
   XDATA SIZE       =   ----    ----
   PDATA SIZE       =   ----    ----
   DATA SIZE        =      1    ----
   IDATA SIZE       =   ----    ----
   BIT SIZE         =   ----    ----
END OF MODULE INFORMATION.


C51 COMPILATION COMPLETE.  0 WARNING(S),  0 ERROR(S)
