C51 COMPILER V9.01   MAIN                                                                  05/23/2018 15:30:28 PAGE 1   


C51 COMPILER V9.01, COMPILATION OF MODULE MAIN
OBJECT MODULE PLACED IN ..\Outputs\main.obj
COMPILER INVOKED BY: D:\Dev\Keil\C51\BIN\C51.EXE ..\User\main.c BROWSE INCDIR(..\Hardware;..\User) DEBUG OBJECTEXTEND PR
                    -INT(.\main.lst) OBJECT(..\Outputs\main.obj)

line level    source

   1          #include "reg52.h"
   2          #include "uart.h"
   3          
   4          void timer_init();
   5          
   6          sbit led_hall = P1^0;
   7          sbit led_bedroom = P1^1;
   8          sbit fan = P0^0;
   9          
  10          uchar count = 0;
  11          uchar max_count = 100;
  12          float rate = 1;
  13          
  14          
  15          void main(){
  16   1              uart_init();
  17   1              timer_init();
  18   1      
  19   1              while(1);
  20   1      }
  21          
  22          /**
  23          * 定时器初始化
  24          */
  25          void timer_init(){
  26   1              TMOD |= 0x01;
  27   1              TH0 = 0xff;
  28   1              TL0 = 0xa4;
  29   1              EA = 1;
  30   1              ET0 = 1;
  31   1      }
  32          
  33          static void bedroom_led(uchar lightness){
  34   1              if(lightness == 0){
  35   2                      TR0 = 0;
  36   2                      return;
  37   2              }
  38   1      
  39   1              TR0 = 1;
  40   1              rate = lightness / 100.0;
  41   1              count = 0;      
  42   1      }
  43          
  44          void timer_int() interrupt 1{
  45   1              TH0 = 0xff;
  46   1              TL0 = 0xa4;
  47   1              if(count > max_count){
  48   2                      count = 0;
  49   2              }
  50   1      
  51   1              if(count == 0){
  52   2                      led_bedroom = 0;
  53   2              }else if(count == (max_count * rate)){
  54   2                      led_bedroom = 1;        
C51 COMPILER V9.01   MAIN                                                                  05/23/2018 15:30:28 PAGE 2   

  55   2              }
  56   1              
  57   1              count++;        
  58   1      }
  59          
  60          void uart_received(uchar cmd){
  61   1              if(cmd == 0){
  62   2                      //大厅灯关
  63   2                      led_hall = 1;
  64   2              }else if(cmd == 1){
  65   2                      //大厅灯开
  66   2                      led_hall = 0;
  67   2              }else if(cmd > 1 && cmd < 102){
  68   2                      bedroom_led(cmd - 2);
  69   2              }else if(cmd == 102){
  70   2                      fan = 1;
  71   2              }else if(cmd == 103){
  72   2                      fan = 0;
  73   2              }       
  74   1      }


MODULE INFORMATION:   STATIC OVERLAYABLE
   CODE SIZE        =    248    ----
   CONSTANT SIZE    =   ----    ----
   XDATA SIZE       =   ----    ----
   PDATA SIZE       =   ----    ----
   DATA SIZE        =      6       1
   IDATA SIZE       =   ----    ----
   BIT SIZE         =   ----    ----
END OF MODULE INFORMATION.


C51 COMPILATION COMPLETE.  0 WARNING(S),  0 ERROR(S)
