C51 COMPILER V9.01   MAIN                                                                  05/08/2018 13:41:28 PAGE 1   


C51 COMPILER V9.01, COMPILATION OF MODULE MAIN
OBJECT MODULE PLACED IN ..\Outputs\main.obj
COMPILER INVOKED BY: D:\Dev\Keil\C51\BIN\C51.EXE ..\User\main.c BROWSE INCDIR(..\Hardware;..\User) DEBUG OBJECTEXTEND PR
                    -INT(.\main.lst) OBJECT(..\Outputs\main.obj)

line level    source

   1          #include "reg51.h"
   2          #include "lcd12864.h"
   3          #include "intrins.h"
   4          
   5          #define uchar unsigned char
   6          
   7          void delay1s(void)   //ŒÛ≤Ó 0us
   8          {
   9   1          unsigned char a,b,c;
  10   1          for(c=167;c>0;c--)
  11   1              for(b=171;b>0;b--)
  12   1                  for(a=16;a>0;a--);
  13   1          _nop_();  //if Keil,require use intrins.h
  14   1      }
  15          
  16          
  17          void main(){
  18   1              lcd_init();
  19   1      
  20   1              lcd_display_string(1, 1, "ª∂”≠ π”√£°");
  21   1              
  22   1      
  23   1      
  24   1              while(1){
  25   2                      //
  26   2              }               
  27   1      }


MODULE INFORMATION:   STATIC OVERLAYABLE
   CODE SIZE        =     32    ----
   CONSTANT SIZE    =     11    ----
   XDATA SIZE       =   ----    ----
   PDATA SIZE       =   ----    ----
   DATA SIZE        =   ----    ----
   IDATA SIZE       =   ----    ----
   BIT SIZE         =   ----    ----
END OF MODULE INFORMATION.


C51 COMPILATION COMPLETE.  0 WARNING(S),  0 ERROR(S)
