C51 COMPILER V9.01   BINARY                                                                04/04/2018 16:10:22 PAGE 1   


C51 COMPILER V9.01, COMPILATION OF MODULE BINARY
OBJECT MODULE PLACED IN ..\Outputs\binary.obj
COMPILER INVOKED BY: D:\Dev\Keil\C51\BIN\C51.EXE ..\Hardware\binary.c BROWSE INCDIR(..\User,..\Hardware) DEBUG OBJECTEXT
                    -END PRINT(.\binary.lst) OBJECT(..\Outputs\binary.obj)

line level    source

   1          #include "binary.h"
   2          
   3          /**
   4          * 获取一个字节高位的位置
   5          * @param val    字节
   6          * @return 高位位置索引，如0101 1011则返回{0, 1, 3, 4, 6, -1, -1, -1}
   7          */
   8          char* get_high_bits(uchar val){
   9   1              char rst[8] = {-1, -1, -1, -1, -1, -1, -1, -1};
  10   1              uchar i = 0, index = 0;
  11   1              while(val){
  12   2                      if(val & 1){
  13   3                              rst[i++] = index;                       
  14   3                      }
  15   2                      index++;
  16   2                      val >>= 1;
  17   2              }
  18   1              return rst; 
  19   1      }


MODULE INFORMATION:   STATIC OVERLAYABLE
   CODE SIZE        =     56    ----
   CONSTANT SIZE    =      8    ----
   XDATA SIZE       =   ----    ----
   PDATA SIZE       =   ----    ----
   DATA SIZE        =   ----       9
   IDATA SIZE       =   ----    ----
   BIT SIZE         =   ----    ----
END OF MODULE INFORMATION.


C51 COMPILATION COMPLETE.  0 WARNING(S),  0 ERROR(S)
