C51 COMPILER V9.01   UART_SYN                                                              04/21/2018 11:10:22 PAGE 1   


C51 COMPILER V9.01, COMPILATION OF MODULE UART_SYN
OBJECT MODULE PLACED IN ..\Outputs\uart_syn.obj
COMPILER INVOKED BY: D:\Dev\Keil\C51\BIN\C51.EXE ..\Hardware\uart_syn.c BROWSE INCDIR(..\User,..\Hardware) DEBUG OBJECTE
                    -XTEND PRINT(.\uart_syn.lst) OBJECT(..\Outputs\uart_syn.obj)

line level    source

   1          #include "uart_syn.h"
   2          #include "reg51.h"
   3          
   4          /**
   5          * 串口初始化
   6          */                 
   7          void uart_init(){
   8   1              TMOD |= 0x20;
   9   1              TH1 = 0xfd;
  10   1              TL1 = 0xfd;
  11   1              SCON = 0x50;
  12   1              TR1 = 1;
  13   1      }
  14          
  15          /**
  16          * 发送数据：同步发送
  17          */
  18          void uart_send(uchar dat){
  19   1              SBUF = dat;
  20   1              while(!TI);
  21   1              TI = 0;
  22   1      }
  23          
  24          /**
  25          * 接收数据：同步接收，直到接收成功才返回数据
  26          */
  27          uchar uart_receive(){
  28   1              while(!RI);
  29   1              RI = 0;
  30   1              return SBUF;
  31   1      }


MODULE INFORMATION:   STATIC OVERLAYABLE
   CODE SIZE        =     31    ----
   CONSTANT SIZE    =   ----    ----
   XDATA SIZE       =   ----    ----
   PDATA SIZE       =   ----    ----
   DATA SIZE        =   ----    ----
   IDATA SIZE       =   ----    ----
   BIT SIZE         =   ----    ----
END OF MODULE INFORMATION.


C51 COMPILATION COMPLETE.  0 WARNING(S),  0 ERROR(S)
