C51 COMPILER V9.01   LCD1602                                                               04/11/2018 18:18:19 PAGE 1   


C51 COMPILER V9.01, COMPILATION OF MODULE LCD1602
OBJECT MODULE PLACED IN ..\Outputs\lcd1602.obj
COMPILER INVOKED BY: D:\Dev\Keil\C51\BIN\C51.EXE ..\Hardware\lcd1602.c BROWSE INCDIR(..\Hardware;..\User) DEBUG OBJECTEX
                    -TEND PRINT(.\lcd1602.lst) OBJECT(..\Outputs\lcd1602.obj)

line level    source

   1          #include "lcd1602.h"
   2          #include "reg51.h"
   3          #define OUT P1
   4          
   5          sbit RS = P2^0;
   6          sbit RW = P2^1;
   7          sbit EN = P2^2;
   8          
   9          /**
  10          * 内部延时程序
  11          */
  12          static void delay(uchar t){
  13   1              uchar i, j;
  14   1              for(i=0;i<t;i++){
  15   2                      for(j=0;j<50;j++);
  16   2              }
  17   1      }
  18          
  19          /**
  20          * LCD1602 测忙
  21          */
  22          static void check_busy(){
  23   1              uchar t;
  24   1              RS = 0;         //操作命令
  25   1              RW = 1;         //读操作
  26   1              EN = 0;
  27   1              while(1){
  28   2                      OUT = 0xff;
  29   2                      EN = 1;
  30   2                      t = OUT;
  31   2                      EN = 0;
  32   2                      //检查最高位BF是否为0，是0则为不忙状态
  33   2                      if(!(t & 0x80))
  34   2                              break;
  35   2              }
  36   1      }
  37          
  38          /**
  39          * LCD1602 初始化
  40          * 初始化包含以下操作：
  41          *               1. 显示器的初始化
  42          *               2. 显示模式设置（是否有光标、光标是否闪烁）
  43          *               3. 书写模式设置（由左向右、由右向左、屏幕移动）
  44          *               4. 清屏
  45          * @param cursor_ena             是否开启光标显示
  46          * @param bling_ena              光标是否闪烁显示
  47          */
  48          void lcd_init(uchar cursor_ena, uchar bling_ena){
  49   1              lcd_write_com(DISPLAY_INIT);
  50   1      
  51   1              if(cursor_ena == ENABLE){
  52   2                      lcd_write_com(DISPLAY_ON_CURSOR);
  53   2                      if(bling_ena == ENABLE){
  54   3                              lcd_write_com(DISPLAY_ON_CURSOR_BLING); 
C51 COMPILER V9.01   LCD1602                                                               04/11/2018 18:18:19 PAGE 2   

  55   3                      }       
  56   2              }else{
  57   2                      lcd_write_com(DISPLAY_ON_NO_CURSOR);
  58   2              }
  59   1      
  60   1              lcd_write_com(WRITE_DIR_RIGHT);
  61   1      
  62   1              lcd_clear();    
  63   1      }
  64          
  65          /**
  66          * LCD1602 简单初始化：不显示光标，书写方向由左向右
  67          */
  68          void lcd_simple_init(){
  69   1              lcd_init(DISABLE, DISABLE);     
  70   1      }
  71          
  72          /**
  73          * LCD1602 清屏
  74          */
  75          void lcd_clear(){
  76   1              lcd_write_com(OPERATION_CLEAR); 
  77   1      }
  78          
  79          /**
  80          * LCD1602 在屏幕上显示一个字符
  81          * @param line 显示的行数（不可大于2）
  82          * @param pos  显示的位置（不可大于16）
  83          * @param ch       需要显示的字符
  84          */
  85          void lcd_display_char(uchar line, uchar pos, char ch){
  86   1              if(line == 0 || line > 2 || pos == 0 || pos > 16)
  87   1                      return;
  88   1              lcd_write_com(START_POSITION + (line - 1) * POSITION_OFFSET + pos - 1);
  89   1              lcd_write_data(ch);     
  90   1      }
  91          
  92          /**
  93          * LCD1602 在屏幕上显示字符串
  94          * @param line 显示的行数（不可大于2）
  95          * @param pos  显示的位置（不可大于16）
  96          * @param str  需要显示的字符串
  97          */
  98          void lcd_display_string(uchar line, uchar pos, char* str){
  99   1              while(*str){
 100   2                      lcd_display_char(line, pos++, *str);
 101   2                      str++;
 102   2              }       
 103   1      }
 104          
 105          /**
 106          * LCD1602 写入指令
 107          */
 108          void lcd_write_com(uchar com){
 109   1              check_busy();
 110   1              EN = 0;
 111   1              RS = 0;                 //操作指令
 112   1              delay(1);
 113   1              RW = 0;                 //写操作
 114   1              delay(1);
 115   1              OUT = com;              //写入指令
 116   1              delay(1);       
C51 COMPILER V9.01   LCD1602                                                               04/11/2018 18:18:19 PAGE 3   

 117   1              EN = 1;                 //获得上升沿
 118   1              delay(1);
 119   1              EN = 0;
 120   1      }
 121          
 122          /**
 123          * LCD1602 写入数据
 124          */
 125          void lcd_write_data(uchar value){
 126   1              check_busy();
 127   1              EN = 0;
 128   1              RS = 1;                 //操作数据
 129   1              delay(1);
 130   1              RW = 0;                 //写操作
 131   1              delay(1);
 132   1              OUT = value;    //写入数据
 133   1              delay(1);       
 134   1              EN = 1;                 //获得上升沿
 135   1              delay(1);
 136   1              EN = 0;
 137   1      }


MODULE INFORMATION:   STATIC OVERLAYABLE
   CODE SIZE        =    216    ----
   CONSTANT SIZE    =   ----    ----
   XDATA SIZE       =   ----    ----
   PDATA SIZE       =   ----    ----
   DATA SIZE        =   ----       8
   IDATA SIZE       =   ----    ----
   BIT SIZE         =   ----    ----
END OF MODULE INFORMATION.


C51 COMPILATION COMPLETE.  0 WARNING(S),  0 ERROR(S)
