C51 COMPILER V9.01   MAIN                                                                  09/30/2017 10:00:47 PAGE 1   


C51 COMPILER V9.01, COMPILATION OF MODULE MAIN
OBJECT MODULE PLACED IN main.OBJ
COMPILER INVOKED BY: D:\Dev\Keil\C51\BIN\C51.EXE main.c BROWSE DEBUG OBJECTEXTEND

line level    source

   1          /**
   2          bug：当发送过程中有数据发送过来时，会错过接收数据，因为此时串口中断已被关闭
   3          改进方法为不关闭串口中断，而是在串口中断程序中判断是否为发送中断，如果为发送中断，直接返回即可
   4          */
   5          #include <reg52.h>
   6          #define uchar unsigned char
   7          #define uint unsigned int
   8          
   9          void uart_init(void);
  10          void send(uchar);
  11          
  12          uchar rec_data;
  13          bit send_flag = 0;      //发送标志位
  14          
  15          void main(void){
  16   1              uart_init();
  17   1              while(1){
  18   2                      if(send_flag){
  19   3                              //关闭串口中断，以防发送完毕触发中断
  20   3                              ES = 0;
  21   3                              send(rec_data);
  22   3                              ES = 1;
  23   3                              send_flag = 0;
  24   3                      }
  25   2              }       
  26   1      }
  27          
  28          //串口初始化：波特率9600，中断允许
  29          void uart_init(void){
  30   1              TMOD = 0x20;
  31   1              TH1 = 0xfd;
  32   1              TL1 = 0xfd;
  33   1              SCON = 0x50;
  34   1              EA = 1;
  35   1              ES = 1;
  36   1              TR1 = 1;
  37   1      }
  38          
  39          //串口发送
  40          void send(uchar dat){
  41   1              SBUF = dat;
  42   1              while(!TI);
  43   1              TI = 0; 
  44   1      }
  45          
  46          void uart_int() interrupt 4{
  47   1              RI = 0;
  48   1              rec_data = SBUF;
  49   1              send_flag = 1;
  50   1      }


MODULE INFORMATION:   STATIC OVERLAYABLE
   CODE SIZE        =     54    ----
   CONSTANT SIZE    =   ----    ----
C51 COMPILER V9.01   MAIN                                                                  09/30/2017 10:00:47 PAGE 2   

   XDATA SIZE       =   ----    ----
   PDATA SIZE       =   ----    ----
   DATA SIZE        =      1    ----
   IDATA SIZE       =   ----    ----
   BIT SIZE         =      1    ----
END OF MODULE INFORMATION.


C51 COMPILATION COMPLETE.  0 WARNING(S),  0 ERROR(S)
