C51 COMPILER V9.01   UART                                                                  10/02/2017 15:34:27 PAGE 1   


C51 COMPILER V9.01, COMPILATION OF MODULE UART
OBJECT MODULE PLACED IN ..\Outputs\uart.obj
COMPILER INVOKED BY: D:\Dev\Keil\C51\BIN\C51.EXE ..\HARDWARE\uart.c BROWSE INCDIR(..\HARDWARE;..\USER) DEBUG OBJECTEXTEN
                    -D PRINT(.\uart.lst) OBJECT(..\Outputs\uart.obj)

line level    source

   1          #include "uart.h"
   2          
   3          uchar rec_data = 0;
   4          
   5          //串口初始化 cb：接收数据的回调
   6          void uart_init(){
   7   1              TMOD = 0x20;
   8   1              TH1 = 0xfd;
   9   1              TL1 = 0xfd;
  10   1              SCON = 0x50;
  11   1              EA =  1;
  12   1              ES = 1;
  13   1              TR1 = 1;
  14   1      }
  15          
  16          //串口发送一个字符
  17          void send_char(char send_data){
  18   1              SBUF = send_data;
  19   1              while(!TI);
  20   1              TI = 0; 
  21   1      }
  22          
  23          //串口发送字符串
  24          void send_string(char* str){
  25   1              while(*str){
  26   2                      send_char(*str);
  27   2                      str++;
  28   2              }
  29   1      }
  30          
  31          
  32          void uart_int(void) interrupt 4{
  33   1              if(TI) return;
  34   1              RI = 0;
  35   1              rec_data = SBUF;
  36   1              receive_byte(rec_data);
  37   1      }


MODULE INFORMATION:   STATIC OVERLAYABLE
   CODE SIZE        =    115    ----
   CONSTANT SIZE    =   ----    ----
   XDATA SIZE       =   ----    ----
   PDATA SIZE       =   ----    ----
   DATA SIZE        =      1    ----
   IDATA SIZE       =   ----    ----
   BIT SIZE         =   ----    ----
END OF MODULE INFORMATION.


C51 COMPILATION COMPLETE.  0 WARNING(S),  0 ERROR(S)
