C51 COMPILER V9.01   DS18B20                                                               05/19/2018 20:36:03 PAGE 1   


C51 COMPILER V9.01, COMPILATION OF MODULE DS18B20
OBJECT MODULE PLACED IN ..\Outputs\ds18b20.obj
COMPILER INVOKED BY: D:\Dev\Keil\C51\BIN\C51.EXE ..\Hardware\ds18b20.c BROWSE INCDIR(..\Hardware;..\User) DEBUG OBJECTEX
                    -TEND PRINT(.\ds18b20.lst) OBJECT(..\Outputs\ds18b20.obj)

line level    source

   1          #include "ds18b20.h"
   2          #include "reg51.h"
   3          #include "intrins.h"
   4          #include "uart.h"
   5          
   6          sbit DQ1 = P2^0;
   7          sbit DQ2 = P2^1;
   8          uchar num = 0;          //DS18B20µÄÊýÁ¿
   9          uchar ids[MAX_NUM][8];
  10          
  11          void delay(uchar i){
  12   1              do{
  13   2                      _nop_();
  14   2                      _nop_();
  15   2                      _nop_();
  16   2                      i--;
  17   2              }while(i);
  18   1      }
  19          
  20          void ds18b20_init1(){
  21   1              DQ1 = 1;                  
  22   1              delay(10);        
  23   1              DQ1 = 0;                 
  24   1              delay(120);       
  25   1              DQ1 = 1;                 
  26   1              delay(16);              
  27   1              delay(80);      
  28   1              DQ1 = 1;                        
  29   1      }
  30          
  31          void ds18b20_init2(){
  32   1              DQ2 = 1;                  
  33   1              delay(10);        
  34   1              DQ2 = 0;                 
  35   1              delay(120);       
  36   1              DQ2 = 1;                 
  37   1              delay(16);              
  38   1              delay(80);      
  39   1              DQ2 = 1;        
  40   1      }
  41          
  42          void ds18b20_write_bit1(uchar b){
  43   1              DQ1 = 0;
  44   1              DQ1 = b&0x01;                   
  45   1              delay(12);                               
  46   1              DQ1 = 1;
  47   1              delay(5);       
  48   1      }
  49          
  50          void ds18b20_write_bit2(uchar b){
  51   1              DQ2 = 0;
  52   1              DQ2 = b&0x01;                   
  53   1              delay(12);                               
  54   1              DQ2 = 1;
C51 COMPILER V9.01   DS18B20                                                               05/19/2018 20:36:03 PAGE 2   

  55   1              delay(5);       
  56   1      }
  57          
  58          void ds18b20_write1(uchar byte){
  59   1              uchar i = 0;
  60   1              for(i=8;i>0;i--){
  61   2                      ds18b20_write_bit1(byte & 0x01);
  62   2                      byte >>= 1;
  63   2              }       
  64   1      }
  65          
  66          void ds18b20_write2(uchar byte){
  67   1              uchar i = 0;
  68   1              for(i=8;i>0;i--){
  69   2                      ds18b20_write_bit2(byte & 0x01);
  70   2                      byte >>= 1;
  71   2              }       
  72   1      }
  73          
  74          uchar ds18b20_read_bit1(){
  75   1              uchar bt;
  76   1              DQ1 = 0;                                
  77   1              delay(1);                       
  78   1              DQ1 = 1;                                        
  79   1              if(DQ1)                 
  80   1                      bt = 0x01;              
  81   1              delay(11);
  82   1      
  83   1              return bt;
  84   1      }
  85          
  86          uchar ds18b20_read_bit2(){
  87   1              uchar bt;
  88   1              DQ2 = 0;                                
  89   1              delay(1);                       
  90   1              DQ2 = 1;                                        
  91   1              if(DQ2)                 
  92   1                      bt = 0x01;              
  93   1              delay(11);
  94   1      
  95   1              return bt;
  96   1      }
  97          
  98          uchar ds18b20_read_2bits1(){
  99   1              uchar i, b2;
 100   1              for(i=2;i>0;i--){
 101   2                      DQ1 = 0;                        
 102   2                      delay(1);               
 103   2                      DQ1 = 1;                        
 104   2                      b2 <<= 1;               
 105   2                      if(DQ1)                 
 106   2                              b2 |= 0x10;             
 107   2                      delay(11);      
 108   2              }
 109   1      
 110   1      
 111   1              return b2;
 112   1      }
 113          
 114          uchar ds18b20_read_2bits2(){
 115   1              uchar i, b2;
 116   1              for(i=2;i>0;i--){
C51 COMPILER V9.01   DS18B20                                                               05/19/2018 20:36:03 PAGE 3   

 117   2                      DQ2 = 0;                        
 118   2                      delay(1);               
 119   2                      DQ2 = 1;                        
 120   2                      b2 <<= 1;               
 121   2                      if(DQ2)                 
 122   2                              b2 |= 0x10;             
 123   2                      delay(11);      
 124   2              }
 125   1      
 126   1              return b2;
 127   1      }
 128          
 129          uchar ds18b20_read1(){
 130   1              uchar i, byte = 0;
 131   1              for(i=8;i>0;i--){
 132   2                      DQ1 = 0;                        
 133   2                      delay(1);               
 134   2                      DQ1 = 1;                        
 135   2                      byte >>= 1;             
 136   2                      if(DQ1)                 
 137   2                              byte |= 0x80;           
 138   2                      delay(11);
 139   2              }
 140   1              return byte;    
 141   1      }
 142          
 143          uchar ds18b20_read2(){
 144   1              uchar i, byte = 0;
 145   1              for(i=8;i>0;i--){
 146   2                      DQ2 = 0;                        
 147   2                      delay(1);               
 148   2                      DQ2 = 1;                        
 149   2                      byte >>= 1;             
 150   2                      if(DQ2)                 
 151   2                              byte |= 0x80;           
 152   2                      delay(11);
 153   2              }
 154   1              return byte;    
 155   1      }
 156          
 157          uchar ds18b20_read_temp1(){
 158   1              uchar templ, temph, tt;
 159   1              uint t;
 160   1              ds18b20_init1();                   
 161   1              ds18b20_write1(0XCC);      
 162   1              ds18b20_write1(0x44);
 163   1      
 164   1              ds18b20_init1();                 
 165   1              ds18b20_write1(0xcc);     
 166   1              ds18b20_write1(0xbe);
 167   1                       
 168   1              templ=ds18b20_read1();   
 169   1              temph=ds18b20_read1();    
 170   1              t = temph;
 171   1              t <<= 8;
 172   1              t = t | templ;
 173   1              tt = t * 0.0625;
 174   1                                
 175   1              return tt;                         
 176   1      }
 177          
 178          uchar ds18b20_read_temp2(){
C51 COMPILER V9.01   DS18B20                                                               05/19/2018 20:36:03 PAGE 4   

 179   1              uchar templ, temph, tt;
 180   1              uint t;
 181   1              ds18b20_init2();                   
 182   1              ds18b20_write2(0XCC);      
 183   1              ds18b20_write2(0x44);
 184   1      
 185   1              ds18b20_init2();                 
 186   1              ds18b20_write2(0xcc);     
 187   1              ds18b20_write2(0xbe);
 188   1                       
 189   1              templ=ds18b20_read2();   
 190   1              temph=ds18b20_read2();    
 191   1              t = temph;
 192   1              t <<= 8;
 193   1              t = t | templ;
 194   1              tt = t * 0.0625;
 195   1                                
 196   1              return tt;                         
 197   1      }


MODULE INFORMATION:   STATIC OVERLAYABLE
   CODE SIZE        =    420    ----
   CONSTANT SIZE    =   ----    ----
   XDATA SIZE       =   ----    ----
   PDATA SIZE       =   ----    ----
   DATA SIZE        =     33    ----
   IDATA SIZE       =   ----    ----
   BIT SIZE         =   ----    ----
END OF MODULE INFORMATION.


C51 COMPILATION COMPLETE.  0 WARNING(S),  0 ERROR(S)
