C51 COMPILER V9.01   MAIN                                                                  04/22/2018 11:38:23 PAGE 1   


C51 COMPILER V9.01, COMPILATION OF MODULE MAIN
OBJECT MODULE PLACED IN ..\Outputs\main.obj
COMPILER INVOKED BY: D:\Dev\Keil\C51\BIN\C51.EXE ..\User\main.c BROWSE INCDIR(..\User,..\Hardware) DEBUG OBJECTEXTEND PR
                    -INT(.\main.lst) OBJECT(..\Outputs\main.obj)

line level    source

   1          #include "reg52.h"
   2          #include "uart.h"
   3          #include "fpm10a.h"
   4          #include "lcd1602.h"
   5          #include "intrins.h"
   6          
   7          #define MAX_NUM 30
   8          #define MODE_NONE 0
   9          #define MODE_NORMAL 1
  10          #define MODE_COLLECTION 2
  11          
  12          #define ERROR_COLLECTION_EXISTS 0x01
  13          
  14          void wait_finger();
  15          void do_signin();
  16          void do_add();
  17          
  18          idata uchar map[MAX_NUM];
  19          uchar mode = MODE_NONE;
  20          sbit key_sign = P3^3;
  21          sbit key_clear = P2^0;
  22          
  23          //普通延时 ms
  24          static void delayms(uint t){
  25   1              uint i, j;
  26   1              for(i=0;i<t;i++)
  27   1                      for(j=0;j<110;j++);
  28   1      }
  29          
  30          //等待2s
  31          static void delay2s(void)  {
  32   1          uchar a,b,c;
  33   1          for(c=127;c>0;c--)
  34   1              for(b=235;b>0;b--)
  35   1                  for(a=32;a>0;a--);
  36   1          _nop_(); 
  37   1      }
  38          
  39          
  40          //发送存储的模板索引
  41          static void send_store_idx(uchar idx){
  42   1              uart_send(0x55);
  43   1              uart_send(0xaa);
  44   1              uart_send(0x01);
  45   1              uart_send(idx);
  46   1              uart_send(0xaa);
  47   1              uart_send(0x55);                
  48   1      }
  49          
  50          //发送签到的模板索引
  51          static void send_sign_idx(int idx){
  52   1              uart_send(0x55);
  53   1              uart_send(0xaa);
  54   1              uart_send(0x02);
C51 COMPILER V9.01   MAIN                                                                  04/22/2018 11:38:23 PAGE 2   

  55   1              uart_send(idx);
  56   1              uart_send(0xaa);
  57   1              uart_send(0x55);
  58   1      }
  59          
  60          //发送错误信息
  61          static void send_error_message(uchar error){
  62   1              uart_send(0x55);
  63   1              uart_send(0xaa);
  64   1              uart_send(0xff);
  65   1              uart_send(error);
  66   1              uart_send(0xaa);
  67   1              uart_send(0x55);
  68   1      }
  69          
  70          //主界面
  71          static void home(){
  72   1              lcd_clear();
  73   1              lcd_display_string(1, 5, "Hello!");
  74   1              lcd_display_string(2, 1, "Key1 --> Sign in");
  75   1      }
  76          
  77          /**
  78          * 获取当前存包柜的映射，映射关系：当前柜号 = 是否使用
  79          * 1为使用中，0为未使用
  80          */
  81          static void get_map(){
  82   1              uchar i, *table, idx = 0;
  83   1              //读取索引页0的索引表
  84   1              table = fpm_read_index_table(0);
  85   1              for(i=0;i<32;i++){
  86   2                      //获取索引表中有指纹模板的索引，存入应用映射表中
  87   2                      uchar j;
  88   2                      if(idx >= MAX_NUM)
  89   2                              break;
  90   2      
  91   2                      for(j=0;j<8;j++){
  92   3                              if(idx >= MAX_NUM)
  93   3                                      break;
  94   3                              if(table[i] & 0x01){
  95   4                                      map[idx] = 1;
  96   4                              }else{
  97   4                                      map[idx] = 0;
  98   4                              }
  99   3                              table[i] >>= 1;
 100   3                              idx++;
 101   3                      }                       
 102   2              }               
 103   1      }
 104          
 105          /**
 106          * 获取存储索引
 107          */
 108          static uchar get_store_index(){
 109   1              uchar i;
 110   1              get_map();
 111   1              for(i=0;i<MAX_NUM;i++){
 112   2                      if(map[i] == 0){
 113   3                              return i;
 114   3                      }               
 115   2              }
 116   1              return 0;       
C51 COMPILER V9.01   MAIN                                                                  04/22/2018 11:38:23 PAGE 3   

 117   1      }
 118          
 119          /*****************************************************************************************/
 120          /****************************************** MAIN *****************************************/
 121          /*****************************************************************************************/
 122          void main(){
 123   1      
 124   1              uart_init();
 125   1              lcd_simple_init();
 126   1              home();
 127   1              fpm_init();
 128   1      
 129   1              while(1){
 130   2      
 131   2                      if(!key_sign){
 132   3                              mode = MODE_NORMAL;
 133   3                              while(!key_sign);       
 134   3                      }
 135   2      
 136   2                      if(!key_clear){
 137   3                              fpm_clear_lib();
 138   3                              while(!key_clear);      
 139   3                      }
 140   2      
 141   2                      if(mode == MODE_NORMAL){
 142   3                              lcd_clear();
 143   3                              lcd_display_string(1, 5, "Sign in");
 144   3                              wait_finger();   
 145   3                              do_signin();
 146   3                              mode = MODE_NONE;
 147   3                              
 148   3                              delay2s();
 149   3                              home();                 
 150   3                      }else if(mode == MODE_COLLECTION){
 151   3                              lcd_clear();
 152   3                              lcd_display_string(1, 1, "Add new employee..");
 153   3                              wait_finger();
 154   3                              do_add();
 155   3                              mode = MODE_NONE;
 156   3                              
 157   3                              delay2s();
 158   3                              home();         
 159   3                      }
 160   2              
 161   2              }
 162   1      }
 163          
 164          //串口接收回调
 165          void uart_received(char cmd){
 166   1              if(cmd == 0x01){
 167   2                      mode = MODE_COLLECTION;
 168   2              }
 169   1      }
 170          
 171          //等待用户放手指
 172          void wait_finger(){
 173   1              while(1){
 174   2                      if(fpm_genimg() == 0x00)
 175   2                              break;
 176   2                      delayms(50);
 177   2              }
 178   1      }
C51 COMPILER V9.01   MAIN                                                                  04/22/2018 11:38:23 PAGE 4   

 179          
 180          //签到
 181          void do_signin(){
 182   1              int idx = fpm_auto_search(0, MAX_NUM-1);
 183   1              if(idx != -1){
 184   2                      lcd_clear();
 185   2                      lcd_display_string(1, 4, "Success!");
 186   2                      send_sign_idx(idx);
 187   2              }else{
 188   2                      lcd_clear();
 189   2                      lcd_display_string(1, 1, "You are not an");
 190   2                      lcd_display_string(2, 1, "employee!");
 191   2              }
 192   1      }
 193          
 194          //添加员工
 195          void do_add(){
 196   1              uchar idx, c;
 197   1              idx = get_store_index();
 198   1              c = fpm_add_template(idx);
 199   1              if(c == 0x00){
 200   2                      lcd_clear();
 201   2                      lcd_display_string(1, 4, "Success!");
 202   2                      send_store_idx(idx);
 203   2              }else if(c == 0x24){
 204   2                      lcd_clear();
 205   2                      lcd_display_string(1, 1, "You're already ");
 206   2                      lcd_display_string(2, 1, "an employee!");
 207   2                      send_error_message(ERROR_COLLECTION_EXISTS);
 208   2              }
 209   1              
 210   1      }


MODULE INFORMATION:   STATIC OVERLAYABLE
   CODE SIZE        =    567    ----
   CONSTANT SIZE    =    114    ----
   XDATA SIZE       =   ----    ----
   PDATA SIZE       =   ----    ----
   DATA SIZE        =      1      13
   IDATA SIZE       =     30    ----
   BIT SIZE         =   ----    ----
END OF MODULE INFORMATION.


C51 COMPILATION COMPLETE.  0 WARNING(S),  0 ERROR(S)
