C51 COMPILER V9.01   MAIN                                                                  03/20/2018 09:40:29 PAGE 1   


C51 COMPILER V9.01, COMPILATION OF MODULE MAIN
OBJECT MODULE PLACED IN ..\Outputs\main.obj
COMPILER INVOKED BY: D:\Dev\Keil\C51\BIN\C51.EXE ..\User\main.c BROWSE INCDIR(..\Hardware;..\User) DEBUG OBJECTEXTEND PR
                    -INT(.\main.lst) OBJECT(..\Outputs\main.obj)

line level    source

   1          #include "reg51.h"
   2          #include "intrins.h"
   3          
   4          #define uchar unsigned char
   5          
   6          sbit PWN = P2^0;
   7          bit flag;
   8          uchar count;
   9          
  10          sbit key = P3^5;
  11          
  12          void main(){
  13   1      
  14   1              PWN = 0;
  15   1      
  16   1              TMOD = 0x01;
  17   1              TH0 = 0xfe;
  18   1              TL0 = 0x33;
  19   1              EA = 1;
  20   1              ET0 = 1;
  21   1              TR0 = 1;
  22   1      
  23   1              while(1){
  24   2                      if(!key){
  25   3                              flag = !flag;
  26   3                              while(!key);
  27   3                      }
  28   2              }
  29   1      
  30   1      }
  31          
  32          void timer_int() interrupt 1{
  33   1              TH0 = 0xfe;
  34   1              TL0 = 0x33;
  35   1              if(count == 0){
  36   2                      //给高脉冲
  37   2                      PWN = 1;
  38   2              }
  39   1              if(flag){
  40   2                      if(count == 1){
  41   3                              PWN = 0;
  42   3                      }
  43   2              }else{
  44   2                      if(count == 5){
  45   3                              PWN = 0;
  46   3                      }
  47   2              }
  48   1              
  49   1              if(count++ >= 40){
  50   2                      count = 0;
  51   2                      //脉冲周期到
  52   2              }
  53   1      }

C51 COMPILER V9.01   MAIN                                                                  03/20/2018 09:40:29 PAGE 2   


MODULE INFORMATION:   STATIC OVERLAYABLE
   CODE SIZE        =     87    ----
   CONSTANT SIZE    =   ----    ----
   XDATA SIZE       =   ----    ----
   PDATA SIZE       =   ----    ----
   DATA SIZE        =      1    ----
   IDATA SIZE       =   ----    ----
   BIT SIZE         =      1    ----
END OF MODULE INFORMATION.


C51 COMPILATION COMPLETE.  0 WARNING(S),  0 ERROR(S)
