C51 COMPILER V9.01   ADC                                                                   05/07/2018 15:41:16 PAGE 1   


C51 COMPILER V9.01, COMPILATION OF MODULE ADC
OBJECT MODULE PLACED IN ..\Outputs\adc.obj
COMPILER INVOKED BY: D:\Dev\Keil\C51\BIN\C51.EXE ..\Hardware\adc.c BROWSE INCDIR(..\User,..\Hardware) DEBUG OBJECTEXTEND
                    - PRINT(.\adc.lst) OBJECT(..\Outputs\adc.obj)

line level    source

   1          #include "adc.h"
   2          #include "reg51.h"
   3          
   4          #define OUT P1
   5          
   6          sbit ST = P3^3;
   7          sbit EOC = P3^4;
   8          sbit OE = P3^5;
   9          
  10          /**
  11          * ADC0808 转换
  12          * @return 转换后的数值，因为ADC0808是8位ADC，所以返回的数值范围为：0~255
  13          */
  14          uchar adc_transform(){
  15   1              uchar temp;
  16   1              ST = 0;
  17   1              ST = 1;
  18   1              ST = 0;                 //启动转换
  19   1              while(!EOC);    //等待转换结束
  20   1              OE = 1;
  21   1              temp = OUT;
  22   1              OE = 0;
  23   1      
  24   1              return temp;
  25   1      }


MODULE INFORMATION:   STATIC OVERLAYABLE
   CODE SIZE        =     16    ----
   CONSTANT SIZE    =   ----    ----
   XDATA SIZE       =   ----    ----
   PDATA SIZE       =   ----    ----
   DATA SIZE        =   ----    ----
   IDATA SIZE       =   ----    ----
   BIT SIZE         =   ----    ----
END OF MODULE INFORMATION.


C51 COMPILATION COMPLETE.  0 WARNING(S),  0 ERROR(S)
