C51 COMPILER V9.01   MAIN                                                                  03/12/2018 17:17:30 PAGE 1   


C51 COMPILER V9.01, COMPILATION OF MODULE MAIN
OBJECT MODULE PLACED IN ..\Outputs\main.obj
COMPILER INVOKED BY: D:\Dev\Keil\C51\BIN\C51.EXE ..\User\main.c BROWSE INCDIR(..\User;..\Hardware) DEBUG OBJECTEXTEND PR
                    -INT(.\main.lst) OBJECT(..\Outputs\main.obj)

line level    source

   1          #include "reg51.h"
   2          #include "uart.h"
   3          #include "tck_max6675.h"
   4          
   5          #define uchar unsigned char
   6          #define uint unsigned int
   7          
   8          void delay(){
   9   1              uchar i, j, k;
  10   1              for(i=0;i<20;i++)
  11   1                      for(j=0;j<100;j++)
  12   1                              for(k=0;k<200;k++);
  13   1      }
  14          
  15          void main(){
  16   1      
  17   1              uart_init();
  18   1              while(1){
  19   2                      uart_send(tck_read_temp());
  20   2                      delay();                        
  21   2              }
  22   1      }


MODULE INFORMATION:   STATIC OVERLAYABLE
   CODE SIZE        =     33    ----
   CONSTANT SIZE    =   ----    ----
   XDATA SIZE       =   ----    ----
   PDATA SIZE       =   ----    ----
   DATA SIZE        =   ----    ----
   IDATA SIZE       =   ----    ----
   BIT SIZE         =   ----    ----
END OF MODULE INFORMATION.


C51 COMPILATION COMPLETE.  0 WARNING(S),  0 ERROR(S)
