C51 COMPILER V9.01   MAIN                                                                  03/18/2018 12:33:39 PAGE 1   


C51 COMPILER V9.01, COMPILATION OF MODULE MAIN
OBJECT MODULE PLACED IN ..\Outputs\main.obj
COMPILER INVOKED BY: D:\Dev\Keil\C51\BIN\C51.EXE ..\User\main.c BROWSE INCDIR(..\Hardware;..\User) DEBUG OBJECTEXTEND PR
                    -INT(.\main.lst) OBJECT(..\Outputs\main.obj)

line level    source

   1          #include "reg51.h"
   2          #include "uart.h"
   3          #include "adc.h"
   4          #include "intrins.h"
   5          #include "stdio.h"
   6          
   7          void delay(){
   8   1              uchar a, b, c;
   9   1              for(c=167;c>0;c--)
  10   1              for(b=171;b>0;b--)
  11   1                  for(a=16;a>0;a--);
  12   1                                       _nop_();
  13   1      }
  14          
  15          //MAIN
  16          void main(){
  17   1      
  18   1              uchar temp;
  19   1      
  20   1              uart_init();
  21   1              adc_init();
  22   1      
  23   1              while(1){
  24   2                      temp = adc_transform();
  25   2                      printf("Transform: %d | ", (int)temp);
  26   2                      printf("VOL: %.3fV \n", (temp / 255.0 * 5));
  27   2                      delay();        
  28   2              } 
  29   1      
  30   1      
  31   1      }
  32          
  33          char putchar (char ch){
  34   1              uart_send(ch);
  35   1              return ch;
  36   1      }
  37          


MODULE INFORMATION:   STATIC OVERLAYABLE
   CODE SIZE        =     95    ----
   CONSTANT SIZE    =     30    ----
   XDATA SIZE       =   ----    ----
   PDATA SIZE       =   ----    ----
   DATA SIZE        =   ----       2
   IDATA SIZE       =   ----    ----
   BIT SIZE         =   ----    ----
END OF MODULE INFORMATION.


C51 COMPILATION COMPLETE.  0 WARNING(S),  0 ERROR(S)
