C51 COMPILER V9.01   MAIN                                                                  10/01/2017 15:48:25 PAGE 1   


C51 COMPILER V9.01, COMPILATION OF MODULE MAIN
OBJECT MODULE PLACED IN main.obj
COMPILER INVOKED BY: D:\Dev\Keil\C51\BIN\C51.EXE USER\main.c BROWSE INCDIR(.\USER;.\HARDWARE) DEBUG OBJECTEXTEND PRINT(.
                    -\main.lst) OBJECT(main.obj)

line level    source

   1          #include <reg52.h>
   2          #define uchar unsigned char
   3          #define uint unsigned int
   4          
   5          #include "uart.h"
   6          #include "uart_support.h"
   7          
   8          void on_receive(uchar rec_data);
   9          
  10          void main(void){
  11   1              uart_init();
  12   1              while(1);       
  13   1      }
  14          
  15          void send(uchar send_data){
  16   1              SBUF = send_data;
  17   1              while(!TI);
  18   1              TI = 0;
  19   1      }
  20          
  21          
  22          


MODULE INFORMATION:   STATIC OVERLAYABLE
   CODE SIZE        =     13    ----
   CONSTANT SIZE    =   ----    ----
   XDATA SIZE       =   ----    ----
   PDATA SIZE       =   ----    ----
   DATA SIZE        =   ----    ----
   IDATA SIZE       =   ----    ----
   BIT SIZE         =   ----    ----
END OF MODULE INFORMATION.


C51 COMPILATION COMPLETE.  0 WARNING(S),  0 ERROR(S)
