C51 COMPILER V9.52.0.0   MAIN                                                              06/29/2015 10:00:51 PAGE 1   


C51 COMPILER V9.52.0.0, COMPILATION OF MODULE MAIN
OBJECT MODULE PLACED IN .\main.obj
COMPILER INVOKED BY: C:\Keil\C51\BIN\C51.EXE ..\USER\main.c OMF2 BROWSE INCDIR(..\system;..\HARDWARE;..\USER) DEBUG PRIN
                    -T(.\main.lst) TABS(2) OBJECT(.\main.obj)

line level    source

   1          //12864(ST7920)串口C51程序
   2          
   3          //12864F（7920）的串行模式C51范例
   4          #include "reg52.h"
   5          #include "lcd12864.h"
   6          #include "ds18b20.h"
   7          #include <stdio.h>
   8          code char erro[]="erro,no ds18b20";
   9          sbit outcu= P1^4;
  10          sbit outcd= P1^5;
  11          void main(void)
  12          { int i;
  13   1        idata char datatostr[10];
  14   1        int value,value1;
  15   1        initlcm();
  16   1        if(init_ds18b20()==0)displaystring(0,0,erro);   
  17   1        else{
  18   2          ds18b20set();
  19   2        P1=0xff;
  20   2        //outcu=1;
  21   2         while(1)
  22   2           {      
  23   3             for(i=0;i<125;i++){;}       
  24   3             outcu=~outcu;
  25   3            sendChangeCmd();
  26   3            ds18b20_delay(800);
  27   3            value=getTmpValue();      
  28   3            value1=value%100;
  29   3            value=value/100; 
  30   3             sprintf(datatostr,"%d.%d",value,value1);
  31   3            displaystring(0,0,"室温：");       
  32   3            displaystring(0,4,datatostr);
  33   3            displaystring(0,7,"度");       
  34   3            //lcd12864_delay(3000);
  35   3                 //SendCMD(0x00);
  36   3           }
  37   2         }
  38   1      }


MODULE INFORMATION:   STATIC OVERLAYABLE
   CODE SIZE        =    156    ----
   CONSTANT SIZE    =     32    ----
   XDATA SIZE       =   ----    ----
   PDATA SIZE       =   ----    ----
   DATA SIZE        =   ----       4
   IDATA SIZE       =   ----      10
   BIT SIZE         =   ----    ----
   EDATA SIZE       =   ----    ----
   HDATA SIZE       =   ----    ----
   XDATA CONST SIZE =   ----    ----
   FAR CONST SIZE   =   ----    ----
END OF MODULE INFORMATION.


C51 COMPILATION COMPLETE.  0 WARNING(S),  0 ERROR(S)
